[debug] [2025-07-25T07:00:14.989Z] ----------------------------------------------------------------------
[debug] [2025-07-25T07:00:14.992Z] Command:       /nix/store/ws50yvm6vzlzf7jzz6n7xh4szddrack1-nodejs-20.19.1/bin/node /nix/store/gv0i9ndcpzjpfi2yr06402kzy90q51ki-firebase-tools-14.10.1/lib/node_modules/firebase-tools/lib/bin/firebase.js deploy --only apphosting
[debug] [2025-07-25T07:00:14.993Z] CLI Version:   14.10.1
[debug] [2025-07-25T07:00:14.993Z] Platform:      linux
[debug] [2025-07-25T07:00:14.994Z] Node Version:  v20.19.1
[debug] [2025-07-25T07:00:14.994Z] Time:          Fri Jul 25 2025 07:00:14 GMT+0000 (Coordinated Universal Time)
[debug] [2025-07-25T07:00:14.994Z] ----------------------------------------------------------------------
[debug] 
[debug] [2025-07-25T07:00:15.557Z] Object "/apphosting" in "firebase.json" is missing required property: {"missingProperty":"backendId"}
[debug] [2025-07-25T07:00:15.557Z] Field "/apphosting" in "firebase.json" is possibly invalid: must be array
[debug] [2025-07-25T07:00:15.557Z] Field "/apphosting" in "firebase.json" is possibly invalid: must match a schema in anyOf
[debug] [2025-07-25T07:00:15.564Z] > command requires scopes: ["email","openid","https://www.googleapis.com/auth/cloudplatformprojects.readonly","https://www.googleapis.com/auth/firebase","https://www.googleapis.com/auth/cloud-platform"]
[debug] [2025-07-25T07:00:28.590Z] Running auto auth
[debug] [2025-07-25T07:00:28.632Z] [iam] checking project the-white-wolf-20614 for permissions ["firebase.projects.get",null]
[debug] [2025-07-25T07:00:28.642Z] No OAuth tokens found
[debug] [2025-07-25T07:00:28.648Z] >>> [apiv2][query] POST https://cloudresourcemanager.googleapis.com/v1/projects/the-white-wolf-20614:testIamPermissions [none]
[debug] [2025-07-25T07:00:28.650Z] >>> [apiv2][(partial)header] POST https://cloudresourcemanager.googleapis.com/v1/projects/the-white-wolf-20614:testIamPermissions x-goog-quota-user=projects/the-white-wolf-20614
[debug] [2025-07-25T07:00:28.650Z] >>> [apiv2][body] POST https://cloudresourcemanager.googleapis.com/v1/projects/the-white-wolf-20614:testIamPermissions {"permissions":["firebase.projects.get",null]}
[debug] [2025-07-25T07:00:29.614Z] <<< [apiv2][status] POST https://cloudresourcemanager.googleapis.com/v1/projects/the-white-wolf-20614:testIamPermissions 200
[debug] [2025-07-25T07:00:29.615Z] <<< [apiv2][body] POST https://cloudresourcemanager.googleapis.com/v1/projects/the-white-wolf-20614:testIamPermissions {"permissions":["firebase.projects.get"]}
[debug] [2025-07-25T07:00:29.615Z] [iam] error while checking permissions, command may fail: Authorization failed. This account is missing the following required permissions on project the-white-wolf-20614:

  
[info] 
[info] === Deploying to 'the-white-wolf-20614'...
[info] 
[info] i  deploying apphosting 
[debug] [2025-07-25T07:00:29.627Z] No OAuth tokens found
[debug] [2025-07-25T07:00:29.628Z] >>> [apiv2][query] GET https://serviceusage.googleapis.com/v1/projects/the-white-wolf-20614/services/firebaseapphosting.googleapis.com [none]
[debug] [2025-07-25T07:00:29.628Z] >>> [apiv2][(partial)header] GET https://serviceusage.googleapis.com/v1/projects/the-white-wolf-20614/services/firebaseapphosting.googleapis.com x-goog-quota-user=projects/the-white-wolf-20614
[debug] [2025-07-25T07:00:30.677Z] <<< [apiv2][status] GET https://serviceusage.googleapis.com/v1/projects/the-white-wolf-20614/services/firebaseapphosting.googleapis.com 200
[debug] [2025-07-25T07:00:30.677Z] <<< [apiv2][body] GET https://serviceusage.googleapis.com/v1/projects/the-white-wolf-20614/services/firebaseapphosting.googleapis.com [omitted]
[debug] [2025-07-25T07:00:30.687Z] No OAuth tokens found
[debug] [2025-07-25T07:00:30.688Z] No OAuth tokens found
[debug] [2025-07-25T07:00:30.689Z] No OAuth tokens found
[debug] [2025-07-25T07:00:30.689Z] No OAuth tokens found
[debug] [2025-07-25T07:00:30.690Z] No OAuth tokens found
[debug] [2025-07-25T07:00:30.690Z] No OAuth tokens found
[debug] [2025-07-25T07:00:30.692Z] >>> [apiv2][query] GET https://serviceusage.googleapis.com/v1/projects/the-white-wolf-20614/services/developerconnect.googleapis.com [none]
[debug] [2025-07-25T07:00:30.692Z] >>> [apiv2][(partial)header] GET https://serviceusage.googleapis.com/v1/projects/the-white-wolf-20614/services/developerconnect.googleapis.com x-goog-quota-user=projects/the-white-wolf-20614
[debug] [2025-07-25T07:00:30.693Z] >>> [apiv2][query] GET https://serviceusage.googleapis.com/v1/projects/the-white-wolf-20614/services/cloudbuild.googleapis.com [none]
[debug] [2025-07-25T07:00:30.693Z] >>> [apiv2][(partial)header] GET https://serviceusage.googleapis.com/v1/projects/the-white-wolf-20614/services/cloudbuild.googleapis.com x-goog-quota-user=projects/the-white-wolf-20614
[debug] [2025-07-25T07:00:30.696Z] >>> [apiv2][query] GET https://serviceusage.googleapis.com/v1/projects/the-white-wolf-20614/services/secretmanager.googleapis.com [none]
[debug] [2025-07-25T07:00:30.696Z] >>> [apiv2][(partial)header] GET https://serviceusage.googleapis.com/v1/projects/the-white-wolf-20614/services/secretmanager.googleapis.com x-goog-quota-user=projects/the-white-wolf-20614
[debug] [2025-07-25T07:00:30.698Z] >>> [apiv2][query] GET https://serviceusage.googleapis.com/v1/projects/the-white-wolf-20614/services/run.googleapis.com [none]
[debug] [2025-07-25T07:00:30.698Z] >>> [apiv2][(partial)header] GET https://serviceusage.googleapis.com/v1/projects/the-white-wolf-20614/services/run.googleapis.com x-goog-quota-user=projects/the-white-wolf-20614
[debug] [2025-07-25T07:00:30.700Z] >>> [apiv2][query] GET https://serviceusage.googleapis.com/v1/projects/the-white-wolf-20614/services/artifactregistry.googleapis.com [none]
[debug] [2025-07-25T07:00:30.700Z] >>> [apiv2][(partial)header] GET https://serviceusage.googleapis.com/v1/projects/the-white-wolf-20614/services/artifactregistry.googleapis.com x-goog-quota-user=projects/the-white-wolf-20614
[debug] [2025-07-25T07:00:30.703Z] >>> [apiv2][query] GET https://serviceusage.googleapis.com/v1/projects/the-white-wolf-20614/services/iam.googleapis.com [none]
[debug] [2025-07-25T07:00:30.703Z] >>> [apiv2][(partial)header] GET https://serviceusage.googleapis.com/v1/projects/the-white-wolf-20614/services/iam.googleapis.com x-goog-quota-user=projects/the-white-wolf-20614
[debug] [2025-07-25T07:00:31.724Z] <<< [apiv2][status] GET https://serviceusage.googleapis.com/v1/projects/the-white-wolf-20614/services/run.googleapis.com 200
[debug] [2025-07-25T07:00:31.724Z] <<< [apiv2][body] GET https://serviceusage.googleapis.com/v1/projects/the-white-wolf-20614/services/run.googleapis.com [omitted]
[debug] [2025-07-25T07:00:31.748Z] <<< [apiv2][status] GET https://serviceusage.googleapis.com/v1/projects/the-white-wolf-20614/services/artifactregistry.googleapis.com 200
[debug] [2025-07-25T07:00:31.750Z] <<< [apiv2][body] GET https://serviceusage.googleapis.com/v1/projects/the-white-wolf-20614/services/artifactregistry.googleapis.com [omitted]
[debug] [2025-07-25T07:00:31.760Z] <<< [apiv2][status] GET https://serviceusage.googleapis.com/v1/projects/the-white-wolf-20614/services/secretmanager.googleapis.com 200
[debug] [2025-07-25T07:00:31.760Z] <<< [apiv2][body] GET https://serviceusage.googleapis.com/v1/projects/the-white-wolf-20614/services/secretmanager.googleapis.com [omitted]
[debug] [2025-07-25T07:00:31.774Z] <<< [apiv2][status] GET https://serviceusage.googleapis.com/v1/projects/the-white-wolf-20614/services/cloudbuild.googleapis.com 200
[debug] [2025-07-25T07:00:31.774Z] <<< [apiv2][body] GET https://serviceusage.googleapis.com/v1/projects/the-white-wolf-20614/services/cloudbuild.googleapis.com [omitted]
[debug] [2025-07-25T07:00:31.786Z] <<< [apiv2][status] GET https://serviceusage.googleapis.com/v1/projects/the-white-wolf-20614/services/iam.googleapis.com 200
[debug] [2025-07-25T07:00:31.788Z] <<< [apiv2][body] GET https://serviceusage.googleapis.com/v1/projects/the-white-wolf-20614/services/iam.googleapis.com [omitted]
[debug] [2025-07-25T07:00:31.836Z] <<< [apiv2][status] GET https://serviceusage.googleapis.com/v1/projects/the-white-wolf-20614/services/developerconnect.googleapis.com 200
[debug] [2025-07-25T07:00:31.836Z] <<< [apiv2][body] GET https://serviceusage.googleapis.com/v1/projects/the-white-wolf-20614/services/developerconnect.googleapis.com [omitted]
[debug] [2025-07-25T07:00:31.844Z] No OAuth tokens found
[debug] [2025-07-25T07:00:31.845Z] >>> [apiv2][query] POST https://iam.googleapis.com/v1/projects/the-white-wolf-20614/serviceAccounts/firebase-app-hosting-compute@the-white-wolf-20614.iam.gserviceaccount.com:testIamPermissions [none]
[debug] [2025-07-25T07:00:31.845Z] >>> [apiv2][(partial)header] POST https://iam.googleapis.com/v1/projects/the-white-wolf-20614/serviceAccounts/firebase-app-hosting-compute@the-white-wolf-20614.iam.gserviceaccount.com:testIamPermissions x-goog-quota-user=projects/the-white-wolf-20614
[debug] [2025-07-25T07:00:31.845Z] >>> [apiv2][body] POST https://iam.googleapis.com/v1/projects/the-white-wolf-20614/serviceAccounts/firebase-app-hosting-compute@the-white-wolf-20614.iam.gserviceaccount.com:testIamPermissions {"permissions":["iam.serviceAccounts.actAs"]}
[debug] [2025-07-25T07:00:32.930Z] <<< [apiv2][status] POST https://iam.googleapis.com/v1/projects/the-white-wolf-20614/serviceAccounts/firebase-app-hosting-compute@the-white-wolf-20614.iam.gserviceaccount.com:testIamPermissions 200
[debug] [2025-07-25T07:00:32.931Z] <<< [apiv2][body] POST https://iam.googleapis.com/v1/projects/the-white-wolf-20614/serviceAccounts/firebase-app-hosting-compute@the-white-wolf-20614.iam.gserviceaccount.com:testIamPermissions {"permissions":["iam.serviceAccounts.actAs"]}
[debug] [2025-07-25T07:00:32.932Z] No OAuth tokens found
[debug] [2025-07-25T07:00:32.932Z] >>> [apiv2][query] POST https://iam.googleapis.com/v1/projects/the-white-wolf-20614/serviceAccounts [none]
[debug] [2025-07-25T07:00:32.932Z] >>> [apiv2][body] POST https://iam.googleapis.com/v1/projects/the-white-wolf-20614/serviceAccounts {"accountId":"firebase-app-hosting-compute","serviceAccount":{"displayName":"Firebase App Hosting compute service account","description":"Default service account used to run builds and deploys for Firebase App Hosting"}}
[debug] [2025-07-25T07:00:33.982Z] <<< [apiv2][status] POST https://iam.googleapis.com/v1/projects/the-white-wolf-20614/serviceAccounts 409
[debug] [2025-07-25T07:00:33.983Z] <<< [apiv2][body] POST https://iam.googleapis.com/v1/projects/the-white-wolf-20614/serviceAccounts [omitted]
[debug] [2025-07-25T07:00:33.987Z] No OAuth tokens found
[debug] [2025-07-25T07:00:33.987Z] >>> [apiv2][query] POST https://cloudresourcemanager.googleapis.com/v1/projects/the-white-wolf-20614:getIamPolicy [none]
[debug] [2025-07-25T07:00:34.417Z] <<< [apiv2][status] POST https://cloudresourcemanager.googleapis.com/v1/projects/the-white-wolf-20614:getIamPolicy 200
[debug] [2025-07-25T07:00:34.418Z] <<< [apiv2][body] POST https://cloudresourcemanager.googleapis.com/v1/projects/the-white-wolf-20614:getIamPolicy {"version":1,"etag":"BwY6uIViTMg=","bindings":[{"role":"roles/artifactregistry.serviceAgent","members":["serviceAccount:service-192185211403@gcp-sa-artifactregistry.iam.gserviceaccount.com"]},{"role":"roles/cloudbuild.builds.builder","members":["serviceAccount:192185211403@cloudbuild.gserviceaccount.com"]},{"role":"roles/cloudbuild.serviceAgent","members":["serviceAccount:service-192185211403@gcp-sa-cloudbuild.iam.gserviceaccount.com"]},{"role":"roles/cloudfunctions.admin","members":["serviceAccount:firebase-adminsdk-fbsvc@the-white-wolf-20614.iam.gserviceaccount.com"]},{"role":"roles/cloudfunctions.serviceAgent","members":["serviceAccount:service-192185211403@gcf-admin-robot.iam.gserviceaccount.com"]},{"role":"roles/containerregistry.ServiceAgent","members":["serviceAccount:service-192185211403@containerregistry.iam.gserviceaccount.com"]},{"role":"roles/developerconnect.readTokenAccessor","members":["serviceAccount:firebase-app-hosting-compute@the-white-wolf-20614.iam.gserviceaccount.com"]},{"role":"roles/developerconnect.serviceAgent","members":["serviceAccount:service-192185211403@gcp-sa-devconnect.iam.gserviceaccount.com"]},{"role":"roles/editor","members":["serviceAccount:192185211403-compute@developer.gserviceaccount.com","serviceAccount:192185211403@cloudservices.gserviceaccount.com"]},{"role":"roles/firebase.managementServiceAgent","members":["serviceAccount:service-192185211403@gcp-sa-firebase.iam.gserviceaccount.com"]},{"role":"roles/firebase.sdkAdminServiceAgent","members":["serviceAccount:firebase-adminsdk-fbsvc@the-white-wolf-20614.iam.gserviceaccount.com","serviceAccount:firebase-app-hosting-compute@the-white-wolf-20614.iam.gserviceaccount.com"]},{"role":"roles/firebaseappcheck.admin","members":["serviceAccount:firebase-adminsdk-fbsvc@the-white-wolf-20614.iam.gserviceaccount.com"]},{"role":"roles/firebaseapphosting.computeRunner","members":["serviceAccount:firebase-app-hosting-compute@the-white-wolf-20614.iam.gserviceaccount.com"]},{"role":"roles/firebaseapphosting.serviceAgent","members":["serviceAccount:service-192185211403@gcp-sa-firebaseapphosting.iam.gserviceaccount.com"]},{"role":"roles/firebaseauth.admin","members":["serviceAccount:firebase-adminsdk-fbsvc@the-white-wolf-20614.iam.gserviceaccount.com"]},{"role":"roles/firebasedatabase.admin","members":["serviceAccount:firebase-adminsdk-fbsvc@the-white-wolf-20614.iam.gserviceaccount.com"]},{"role":"roles/firebaseml.serviceAgent","members":["serviceAccount:service-192185211403@gcp-sa-firebasevertexai.iam.gserviceaccount.com"]},{"role":"roles/firebasemods.serviceAgent","members":["serviceAccount:service-192185211403@gcp-sa-firebasemods.iam.gserviceaccount.com"]},{"role":"roles/firebaserules.system","members":["serviceAccount:service-192185211403@firebase-rules.iam.gserviceaccount.com"]},{"role":"roles/firebasestorage.serviceAgent","members":["serviceAccount:service-192185211403@gcp-sa-firebasestorage.iam.gserviceaccount.com"]},{"role":"roles/firestore.serviceAgent","members":["serviceAccount:service-192185211403@gcp-sa-firestore.iam.gserviceaccount.com"]},{"role":"roles/iam.serviceAccountTokenCreator","members":["serviceAccount:firebase-adminsdk-fbsvc@the-white-wolf-20614.iam.gserviceaccount.com"]},{"role":"roles/owner","members":["user:dhandesaurav37@gmail.com"]},{"role":"roles/run.serviceAgent","members":["serviceAccount:service-192185211403@serverless-robot-prod.iam.gserviceaccount.com"]},{"role":"roles/secretmanager.admin_withcond_eaaca0d94ad671512dbf","members":["serviceAccount:service-192185211403@gcp-sa-devconnect.iam.gserviceaccount.com"]},{"role":"roles/storage.admin","members":["serviceAccount:firebase-adminsdk-fbsvc@the-white-wolf-20614.iam.gserviceaccount.com"]},{"role":"roles/storage.objectViewer","members":["serviceAccount:firebase-app-hosting-compute@the-white-wolf-20614.iam.gserviceaccount.com"]}]}
[debug] [2025-07-25T07:00:34.419Z] No OAuth tokens found
[debug] [2025-07-25T07:00:34.421Z] >>> [apiv2][query] POST https://cloudresourcemanager.googleapis.com/v1/projects/the-white-wolf-20614:setIamPolicy [none]
[debug] [2025-07-25T07:00:34.422Z] >>> [apiv2][body] POST https://cloudresourcemanager.googleapis.com/v1/projects/the-white-wolf-20614:setIamPolicy {"policy":{"version":1,"etag":"BwY6uIViTMg=","bindings":[{"role":"roles/artifactregistry.serviceAgent","members":["serviceAccount:service-192185211403@gcp-sa-artifactregistry.iam.gserviceaccount.com"]},{"role":"roles/cloudbuild.builds.builder","members":["serviceAccount:192185211403@cloudbuild.gserviceaccount.com"]},{"role":"roles/cloudbuild.serviceAgent","members":["serviceAccount:service-192185211403@gcp-sa-cloudbuild.iam.gserviceaccount.com"]},{"role":"roles/cloudfunctions.admin","members":["serviceAccount:firebase-adminsdk-fbsvc@the-white-wolf-20614.iam.gserviceaccount.com"]},{"role":"roles/cloudfunctions.serviceAgent","members":["serviceAccount:service-192185211403@gcf-admin-robot.iam.gserviceaccount.com"]},{"role":"roles/containerregistry.ServiceAgent","members":["serviceAccount:service-192185211403@containerregistry.iam.gserviceaccount.com"]},{"role":"roles/developerconnect.readTokenAccessor","members":["serviceAccount:firebase-app-hosting-compute@the-white-wolf-20614.iam.gserviceaccount.com"]},{"role":"roles/developerconnect.serviceAgent","members":["serviceAccount:service-192185211403@gcp-sa-devconnect.iam.gserviceaccount.com"]},{"role":"roles/editor","members":["serviceAccount:192185211403-compute@developer.gserviceaccount.com","serviceAccount:192185211403@cloudservices.gserviceaccount.com"]},{"role":"roles/firebase.managementServiceAgent","members":["serviceAccount:service-192185211403@gcp-sa-firebase.iam.gserviceaccount.com"]},{"role":"roles/firebase.sdkAdminServiceAgent","members":["serviceAccount:firebase-adminsdk-fbsvc@the-white-wolf-20614.iam.gserviceaccount.com","serviceAccount:firebase-app-hosting-compute@the-white-wolf-20614.iam.gserviceaccount.com"]},{"role":"roles/firebaseappcheck.admin","members":["serviceAccount:firebase-adminsdk-fbsvc@the-white-wolf-20614.iam.gserviceaccount.com"]},{"role":"roles/firebaseapphosting.computeRunner","members":["serviceAccount:firebase-app-hosting-compute@the-white-wolf-20614.iam.gserviceaccount.com"]},{"role":"roles/firebaseapphosting.serviceAgent","members":["serviceAccount:service-192185211403@gcp-sa-firebaseapphosting.iam.gserviceaccount.com"]},{"role":"roles/firebaseauth.admin","members":["serviceAccount:firebase-adminsdk-fbsvc@the-white-wolf-20614.iam.gserviceaccount.com"]},{"role":"roles/firebasedatabase.admin","members":["serviceAccount:firebase-adminsdk-fbsvc@the-white-wolf-20614.iam.gserviceaccount.com"]},{"role":"roles/firebaseml.serviceAgent","members":["serviceAccount:service-192185211403@gcp-sa-firebasevertexai.iam.gserviceaccount.com"]},{"role":"roles/firebasemods.serviceAgent","members":["serviceAccount:service-192185211403@gcp-sa-firebasemods.iam.gserviceaccount.com"]},{"role":"roles/firebaserules.system","members":["serviceAccount:service-192185211403@firebase-rules.iam.gserviceaccount.com"]},{"role":"roles/firebasestorage.serviceAgent","members":["serviceAccount:service-192185211403@gcp-sa-firebasestorage.iam.gserviceaccount.com"]},{"role":"roles/firestore.serviceAgent","members":["serviceAccount:service-192185211403@gcp-sa-firestore.iam.gserviceaccount.com"]},{"role":"roles/iam.serviceAccountTokenCreator","members":["serviceAccount:firebase-adminsdk-fbsvc@the-white-wolf-20614.iam.gserviceaccount.com"]},{"role":"roles/owner","members":["user:dhandesaurav37@gmail.com"]},{"role":"roles/run.serviceAgent","members":["serviceAccount:service-192185211403@serverless-robot-prod.iam.gserviceaccount.com"]},{"role":"roles/secretmanager.admin_withcond_eaaca0d94ad671512dbf","members":["serviceAccount:service-192185211403@gcp-sa-devconnect.iam.gserviceaccount.com"]},{"role":"roles/storage.admin","members":["serviceAccount:firebase-adminsdk-fbsvc@the-white-wolf-20614.iam.gserviceaccount.com"]},{"role":"roles/storage.objectViewer","members":["serviceAccount:firebase-app-hosting-compute@the-white-wolf-20614.iam.gserviceaccount.com"]}]},"updateMask":"bindings"}
[debug] [2025-07-25T07:00:35.644Z] <<< [apiv2][status] POST https://cloudresourcemanager.googleapis.com/v1/projects/the-white-wolf-20614:setIamPolicy 200
[debug] [2025-07-25T07:00:35.644Z] <<< [apiv2][body] POST https://cloudresourcemanager.googleapis.com/v1/projects/the-white-wolf-20614:setIamPolicy {"version":1,"etag":"BwY6u3+sOAo=","bindings":[{"role":"roles/artifactregistry.serviceAgent","members":["serviceAccount:service-192185211403@gcp-sa-artifactregistry.iam.gserviceaccount.com"]},{"role":"roles/cloudbuild.builds.builder","members":["serviceAccount:192185211403@cloudbuild.gserviceaccount.com"]},{"role":"roles/cloudbuild.serviceAgent","members":["serviceAccount:service-192185211403@gcp-sa-cloudbuild.iam.gserviceaccount.com"]},{"role":"roles/cloudfunctions.admin","members":["serviceAccount:firebase-adminsdk-fbsvc@the-white-wolf-20614.iam.gserviceaccount.com"]},{"role":"roles/cloudfunctions.serviceAgent","members":["serviceAccount:service-192185211403@gcf-admin-robot.iam.gserviceaccount.com"]},{"role":"roles/containerregistry.ServiceAgent","members":["serviceAccount:service-192185211403@containerregistry.iam.gserviceaccount.com"]},{"role":"roles/developerconnect.readTokenAccessor","members":["serviceAccount:firebase-app-hosting-compute@the-white-wolf-20614.iam.gserviceaccount.com"]},{"role":"roles/developerconnect.serviceAgent","members":["serviceAccount:service-192185211403@gcp-sa-devconnect.iam.gserviceaccount.com"]},{"role":"roles/editor","members":["serviceAccount:192185211403-compute@developer.gserviceaccount.com","serviceAccount:192185211403@cloudservices.gserviceaccount.com"]},{"role":"roles/firebase.managementServiceAgent","members":["serviceAccount:service-192185211403@gcp-sa-firebase.iam.gserviceaccount.com"]},{"role":"roles/firebase.sdkAdminServiceAgent","members":["serviceAccount:firebase-adminsdk-fbsvc@the-white-wolf-20614.iam.gserviceaccount.com","serviceAccount:firebase-app-hosting-compute@the-white-wolf-20614.iam.gserviceaccount.com"]},{"role":"roles/firebaseappcheck.admin","members":["serviceAccount:firebase-adminsdk-fbsvc@the-white-wolf-20614.iam.gserviceaccount.com"]},{"role":"roles/firebaseapphosting.computeRunner","members":["serviceAccount:firebase-app-hosting-compute@the-white-wolf-20614.iam.gserviceaccount.com"]},{"role":"roles/firebaseapphosting.serviceAgent","members":["serviceAccount:service-192185211403@gcp-sa-firebaseapphosting.iam.gserviceaccount.com"]},{"role":"roles/firebaseauth.admin","members":["serviceAccount:firebase-adminsdk-fbsvc@the-white-wolf-20614.iam.gserviceaccount.com"]},{"role":"roles/firebasedatabase.admin","members":["serviceAccount:firebase-adminsdk-fbsvc@the-white-wolf-20614.iam.gserviceaccount.com"]},{"role":"roles/firebaseml.serviceAgent","members":["serviceAccount:service-192185211403@gcp-sa-firebasevertexai.iam.gserviceaccount.com"]},{"role":"roles/firebasemods.serviceAgent","members":["serviceAccount:service-192185211403@gcp-sa-firebasemods.iam.gserviceaccount.com"]},{"role":"roles/firebaserules.system","members":["serviceAccount:service-192185211403@firebase-rules.iam.gserviceaccount.com"]},{"role":"roles/firebasestorage.serviceAgent","members":["serviceAccount:service-192185211403@gcp-sa-firebasestorage.iam.gserviceaccount.com"]},{"role":"roles/firestore.serviceAgent","members":["serviceAccount:service-192185211403@gcp-sa-firestore.iam.gserviceaccount.com"]},{"role":"roles/iam.serviceAccountTokenCreator","members":["serviceAccount:firebase-adminsdk-fbsvc@the-white-wolf-20614.iam.gserviceaccount.com"]},{"role":"roles/owner","members":["user:dhandesaurav37@gmail.com"]},{"role":"roles/run.serviceAgent","members":["serviceAccount:service-192185211403@serverless-robot-prod.iam.gserviceaccount.com"]},{"role":"roles/secretmanager.admin_withcond_eaaca0d94ad671512dbf","members":["serviceAccount:service-192185211403@gcp-sa-devconnect.iam.gserviceaccount.com"]},{"role":"roles/storage.admin","members":["serviceAccount:firebase-adminsdk-fbsvc@the-white-wolf-20614.iam.gserviceaccount.com"]},{"role":"roles/storage.objectViewer","members":["serviceAccount:firebase-app-hosting-compute@the-white-wolf-20614.iam.gserviceaccount.com"]}]}
[debug] [2025-07-25T07:00:35.647Z] No OAuth tokens found
[debug] [2025-07-25T07:00:35.648Z] >>> [apiv2][query] GET https://firebaseapphosting.googleapis.com/v1beta/projects/the-white-wolf-20614/locations/-/backends 
[debug] [2025-07-25T07:00:36.833Z] <<< [apiv2][status] GET https://firebaseapphosting.googleapis.com/v1beta/projects/the-white-wolf-20614/locations/-/backends 200
[debug] [2025-07-25T07:00:36.833Z] <<< [apiv2][body] GET https://firebaseapphosting.googleapis.com/v1beta/projects/the-white-wolf-20614/locations/-/backends {"backends":[{"name":"projects/the-white-wolf-20614/locations/asia-east1/backends/thewhitewolf","createTime":"2025-07-24T06:16:48.497408340Z","updateTime":"2025-07-24T09:22:13.813401Z","uri":"thewhitewolf--the-white-wolf-20614.asia-east1.hosted.app","managedResources":[{"runService":{"service":"projects/192185211403/locations/asia-east1/services/thewhitewolf"}}],"codebase":{"repository":"projects/the-white-wolf-20614/locations/asia-east1/connections/apphosting-github-conn-fb23xm8/gitRepositoryLinks/dhandesaurav37-studio","rootDirectory":"/"},"uid":"9f969bdb-a6fb-4efe-9cdd-0306ae12a056","etag":"SSR1v3rgYI-g0xJ0zPR3_8RU1dHMTbwC6aKgG5xy7kI","reconciling":false,"servingLocality":"GLOBAL_ACCESS","serviceAccount":"firebase-app-hosting-compute@the-white-wolf-20614.iam.gserviceaccount.com","appId":"1:192185211403:web:603ea75472d0a5a79fc50e"}]}
